{"C:\\Users\\Manas\\Desktop\\Indian-State-Census-Analyzer-Problem\\main\\CensusAnalyzer.js": {"path":"C:\\Users\\Manas\\Desktop\\Indian-State-Census-Analyzer-Problem\\main\\CensusAnalyzer.js","statementMap":{"0":{"start":{"line":1,"column":20},"end":{"line":1,"column":37}},"1":{"start":{"line":2,"column":20},"end":{"line":2,"column":35}},"2":{"start":{"line":3,"column":12},"end":{"line":3,"column":33}},"3":{"start":{"line":4,"column":11},"end":{"line":4,"column":24}},"4":{"start":{"line":5,"column":13},"end":{"line":5,"column":28}},"5":{"start":{"line":6,"column":14},"end":{"line":6,"column":16}},"6":{"start":{"line":7,"column":17},"end":{"line":7,"column":19}},"7":{"start":{"line":14,"column":4},"end":{"line":46,"column":7}},"8":{"start":{"line":16,"column":6},"end":{"line":45,"column":7}},"9":{"start":{"line":17,"column":8},"end":{"line":17,"column":53}},"10":{"start":{"line":20,"column":24},"end":{"line":20,"column":42}},"11":{"start":{"line":21,"column":8},"end":{"line":24,"column":9}},"12":{"start":{"line":22,"column":23},"end":{"line":22,"column":61}},"13":{"start":{"line":23,"column":10},"end":{"line":23,"column":26}},"14":{"start":{"line":26,"column":8},"end":{"line":44,"column":13}},"15":{"start":{"line":29,"column":12},"end":{"line":32,"column":13}},"16":{"start":{"line":30,"column":27},"end":{"line":30,"column":62}},"17":{"start":{"line":31,"column":14},"end":{"line":31,"column":30}},"18":{"start":{"line":35,"column":12},"end":{"line":40,"column":13}},"19":{"start":{"line":36,"column":14},"end":{"line":36,"column":62}},"20":{"start":{"line":39,"column":14},"end":{"line":39,"column":33}},"21":{"start":{"line":43,"column":12},"end":{"line":43,"column":36}},"22":{"start":{"line":52,"column":4},"end":{"line":84,"column":9}},"23":{"start":{"line":54,"column":6},"end":{"line":83,"column":9}},"24":{"start":{"line":55,"column":8},"end":{"line":55,"column":53}},"25":{"start":{"line":58,"column":24},"end":{"line":58,"column":42}},"26":{"start":{"line":59,"column":8},"end":{"line":62,"column":9}},"27":{"start":{"line":60,"column":23},"end":{"line":60,"column":61}},"28":{"start":{"line":61,"column":10},"end":{"line":61,"column":26}},"29":{"start":{"line":64,"column":8},"end":{"line":82,"column":13}},"30":{"start":{"line":67,"column":12},"end":{"line":70,"column":13}},"31":{"start":{"line":68,"column":27},"end":{"line":68,"column":62}},"32":{"start":{"line":69,"column":14},"end":{"line":69,"column":30}},"33":{"start":{"line":73,"column":12},"end":{"line":78,"column":13}},"34":{"start":{"line":74,"column":14},"end":{"line":74,"column":62}},"35":{"start":{"line":77,"column":14},"end":{"line":77,"column":36}},"36":{"start":{"line":81,"column":12},"end":{"line":81,"column":39}},"37":{"start":{"line":89,"column":0},"end":{"line":89,"column":32}}},"fnMap":{"0":{"name":"(anonymous_0)","decl":{"start":{"line":10,"column":2},"end":{"line":10,"column":3}},"loc":{"start":{"line":10,"column":16},"end":{"line":10,"column":18}},"line":10},"1":{"name":"(anonymous_1)","decl":{"start":{"line":12,"column":2},"end":{"line":12,"column":3}},"loc":{"start":{"line":12,"column":33},"end":{"line":47,"column":3}},"line":12},"2":{"name":"(anonymous_2)","decl":{"start":{"line":14,"column":23},"end":{"line":14,"column":24}},"loc":{"start":{"line":14,"column":45},"end":{"line":46,"column":5}},"line":14},"3":{"name":"(anonymous_3)","decl":{"start":{"line":28,"column":25},"end":{"line":28,"column":26}},"loc":{"start":{"line":28,"column":37},"end":{"line":33,"column":11}},"line":28},"4":{"name":"(anonymous_4)","decl":{"start":{"line":34,"column":22},"end":{"line":34,"column":23}},"loc":{"start":{"line":34,"column":32},"end":{"line":41,"column":11}},"line":34},"5":{"name":"(anonymous_5)","decl":{"start":{"line":42,"column":21},"end":{"line":42,"column":22}},"loc":{"start":{"line":42,"column":27},"end":{"line":44,"column":11}},"line":42},"6":{"name":"(anonymous_6)","decl":{"start":{"line":50,"column":2},"end":{"line":50,"column":3}},"loc":{"start":{"line":50,"column":31},"end":{"line":85,"column":3}},"line":50},"7":{"name":"(anonymous_7)","decl":{"start":{"line":52,"column":23},"end":{"line":52,"column":24}},"loc":{"start":{"line":52,"column":45},"end":{"line":84,"column":7}},"line":52},"8":{"name":"(anonymous_8)","decl":{"start":{"line":66,"column":25},"end":{"line":66,"column":26}},"loc":{"start":{"line":66,"column":37},"end":{"line":71,"column":11}},"line":66},"9":{"name":"(anonymous_9)","decl":{"start":{"line":72,"column":22},"end":{"line":72,"column":23}},"loc":{"start":{"line":72,"column":32},"end":{"line":79,"column":11}},"line":72},"10":{"name":"(anonymous_10)","decl":{"start":{"line":80,"column":21},"end":{"line":80,"column":22}},"loc":{"start":{"line":80,"column":27},"end":{"line":82,"column":11}},"line":80}},"branchMap":{"0":{"loc":{"start":{"line":16,"column":6},"end":{"line":45,"column":7}},"type":"if","locations":[{"start":{"line":16,"column":6},"end":{"line":45,"column":7}},{"start":{"line":16,"column":6},"end":{"line":45,"column":7}}],"line":16},"1":{"loc":{"start":{"line":21,"column":8},"end":{"line":24,"column":9}},"type":"if","locations":[{"start":{"line":21,"column":8},"end":{"line":24,"column":9}},{"start":{"line":21,"column":8},"end":{"line":24,"column":9}}],"line":21},"2":{"loc":{"start":{"line":29,"column":12},"end":{"line":32,"column":13}},"type":"if","locations":[{"start":{"line":29,"column":12},"end":{"line":32,"column":13}},{"start":{"line":29,"column":12},"end":{"line":32,"column":13}}],"line":29},"3":{"loc":{"start":{"line":29,"column":16},"end":{"line":29,"column":127}},"type":"binary-expr","locations":[{"start":{"line":29,"column":16},"end":{"line":29,"column":36}},{"start":{"line":29,"column":40},"end":{"line":29,"column":65}},{"start":{"line":29,"column":69},"end":{"line":29,"column":94}},{"start":{"line":29,"column":98},"end":{"line":29,"column":127}}],"line":29},"4":{"loc":{"start":{"line":35,"column":12},"end":{"line":40,"column":13}},"type":"if","locations":[{"start":{"line":35,"column":12},"end":{"line":40,"column":13}},{"start":{"line":35,"column":12},"end":{"line":40,"column":13}}],"line":35},"5":{"loc":{"start":{"line":35,"column":16},"end":{"line":35,"column":115}},"type":"binary-expr","locations":[{"start":{"line":35,"column":16},"end":{"line":35,"column":33}},{"start":{"line":35,"column":37},"end":{"line":35,"column":59}},{"start":{"line":35,"column":63},"end":{"line":35,"column":85}},{"start":{"line":35,"column":89},"end":{"line":35,"column":115}}],"line":35},"6":{"loc":{"start":{"line":54,"column":6},"end":{"line":83,"column":9}},"type":"if","locations":[{"start":{"line":54,"column":6},"end":{"line":83,"column":9}},{"start":{"line":54,"column":6},"end":{"line":83,"column":9}}],"line":54},"7":{"loc":{"start":{"line":59,"column":8},"end":{"line":62,"column":9}},"type":"if","locations":[{"start":{"line":59,"column":8},"end":{"line":62,"column":9}},{"start":{"line":59,"column":8},"end":{"line":62,"column":9}}],"line":59},"8":{"loc":{"start":{"line":67,"column":12},"end":{"line":70,"column":13}},"type":"if","locations":[{"start":{"line":67,"column":12},"end":{"line":70,"column":13}},{"start":{"line":67,"column":12},"end":{"line":70,"column":13}}],"line":67},"9":{"loc":{"start":{"line":67,"column":16},"end":{"line":67,"column":113}},"type":"binary-expr","locations":[{"start":{"line":67,"column":16},"end":{"line":67,"column":35}},{"start":{"line":67,"column":39},"end":{"line":67,"column":63}},{"start":{"line":67,"column":67},"end":{"line":67,"column":85}},{"start":{"line":67,"column":89},"end":{"line":67,"column":113}}],"line":67},"10":{"loc":{"start":{"line":73,"column":12},"end":{"line":78,"column":13}},"type":"if","locations":[{"start":{"line":73,"column":12},"end":{"line":78,"column":13}},{"start":{"line":73,"column":12},"end":{"line":78,"column":13}}],"line":73},"11":{"loc":{"start":{"line":73,"column":16},"end":{"line":73,"column":101}},"type":"binary-expr","locations":[{"start":{"line":73,"column":16},"end":{"line":73,"column":32}},{"start":{"line":73,"column":36},"end":{"line":73,"column":57}},{"start":{"line":73,"column":61},"end":{"line":73,"column":76}},{"start":{"line":73,"column":80},"end":{"line":73,"column":101}}],"line":73}},"s":{"0":1,"1":1,"2":1,"3":1,"4":1,"5":1,"6":1,"7":5,"8":5,"9":2,"10":3,"11":3,"12":1,"13":1,"14":3,"15":3,"16":1,"17":1,"18":87,"19":0,"20":87,"21":3,"22":4,"23":4,"24":1,"25":3,"26":3,"27":1,"28":1,"29":3,"30":3,"31":1,"32":1,"33":109,"34":0,"35":109,"36":1,"37":1},"f":{"0":9,"1":5,"2":5,"3":3,"4":87,"5":3,"6":4,"7":4,"8":3,"9":109,"10":1},"b":{"0":[2,3],"1":[1,2],"2":[1,2],"3":[3,2,2,2],"4":[0,87],"5":[87,87,87,87],"6":[1,3],"7":[1,2],"8":[1,2],"9":[3,2,2,2],"10":[0,109],"11":[109,109,109,109]},"_coverageSchema":"1a1c01bbd47fc00a2c39e90264f33305004495a9","hash":"d268470b641777c6d892835cc25e89e979d6d896"}
}
