{"C:\\Users\\Manas\\Desktop\\Indian-State-Census-Analyzer-Problem\\main\\CensusAnalyzer.js": {"path":"C:\\Users\\Manas\\Desktop\\Indian-State-Census-Analyzer-Problem\\main\\CensusAnalyzer.js","statementMap":{"0":{"start":{"line":1,"column":20},"end":{"line":1,"column":37}},"1":{"start":{"line":2,"column":20},"end":{"line":2,"column":35}},"2":{"start":{"line":3,"column":12},"end":{"line":3,"column":33}},"3":{"start":{"line":4,"column":11},"end":{"line":4,"column":24}},"4":{"start":{"line":5,"column":13},"end":{"line":5,"column":28}},"5":{"start":{"line":6,"column":14},"end":{"line":6,"column":16}},"6":{"start":{"line":13,"column":4},"end":{"line":45,"column":7}},"7":{"start":{"line":15,"column":6},"end":{"line":44,"column":7}},"8":{"start":{"line":16,"column":8},"end":{"line":16,"column":53}},"9":{"start":{"line":19,"column":24},"end":{"line":19,"column":42}},"10":{"start":{"line":20,"column":8},"end":{"line":23,"column":9}},"11":{"start":{"line":21,"column":23},"end":{"line":21,"column":61}},"12":{"start":{"line":22,"column":10},"end":{"line":22,"column":26}},"13":{"start":{"line":25,"column":8},"end":{"line":43,"column":13}},"14":{"start":{"line":28,"column":12},"end":{"line":31,"column":13}},"15":{"start":{"line":29,"column":27},"end":{"line":29,"column":62}},"16":{"start":{"line":30,"column":14},"end":{"line":30,"column":30}},"17":{"start":{"line":34,"column":12},"end":{"line":39,"column":13}},"18":{"start":{"line":35,"column":14},"end":{"line":35,"column":62}},"19":{"start":{"line":38,"column":14},"end":{"line":38,"column":33}},"20":{"start":{"line":42,"column":12},"end":{"line":42,"column":36}},"21":{"start":{"line":51,"column":0},"end":{"line":51,"column":32}}},"fnMap":{"0":{"name":"(anonymous_0)","decl":{"start":{"line":9,"column":2},"end":{"line":9,"column":3}},"loc":{"start":{"line":9,"column":16},"end":{"line":9,"column":18}},"line":9},"1":{"name":"(anonymous_1)","decl":{"start":{"line":11,"column":2},"end":{"line":11,"column":3}},"loc":{"start":{"line":11,"column":33},"end":{"line":46,"column":3}},"line":11},"2":{"name":"(anonymous_2)","decl":{"start":{"line":13,"column":23},"end":{"line":13,"column":24}},"loc":{"start":{"line":13,"column":45},"end":{"line":45,"column":5}},"line":13},"3":{"name":"(anonymous_3)","decl":{"start":{"line":27,"column":25},"end":{"line":27,"column":26}},"loc":{"start":{"line":27,"column":37},"end":{"line":32,"column":11}},"line":27},"4":{"name":"(anonymous_4)","decl":{"start":{"line":33,"column":22},"end":{"line":33,"column":23}},"loc":{"start":{"line":33,"column":32},"end":{"line":40,"column":11}},"line":33},"5":{"name":"(anonymous_5)","decl":{"start":{"line":41,"column":21},"end":{"line":41,"column":22}},"loc":{"start":{"line":41,"column":27},"end":{"line":43,"column":11}},"line":41}},"branchMap":{"0":{"loc":{"start":{"line":15,"column":6},"end":{"line":44,"column":7}},"type":"if","locations":[{"start":{"line":15,"column":6},"end":{"line":44,"column":7}},{"start":{"line":15,"column":6},"end":{"line":44,"column":7}}],"line":15},"1":{"loc":{"start":{"line":20,"column":8},"end":{"line":23,"column":9}},"type":"if","locations":[{"start":{"line":20,"column":8},"end":{"line":23,"column":9}},{"start":{"line":20,"column":8},"end":{"line":23,"column":9}}],"line":20},"2":{"loc":{"start":{"line":28,"column":12},"end":{"line":31,"column":13}},"type":"if","locations":[{"start":{"line":28,"column":12},"end":{"line":31,"column":13}},{"start":{"line":28,"column":12},"end":{"line":31,"column":13}}],"line":28},"3":{"loc":{"start":{"line":28,"column":16},"end":{"line":28,"column":127}},"type":"binary-expr","locations":[{"start":{"line":28,"column":16},"end":{"line":28,"column":36}},{"start":{"line":28,"column":40},"end":{"line":28,"column":65}},{"start":{"line":28,"column":69},"end":{"line":28,"column":94}},{"start":{"line":28,"column":98},"end":{"line":28,"column":127}}],"line":28},"4":{"loc":{"start":{"line":34,"column":12},"end":{"line":39,"column":13}},"type":"if","locations":[{"start":{"line":34,"column":12},"end":{"line":39,"column":13}},{"start":{"line":34,"column":12},"end":{"line":39,"column":13}}],"line":34},"5":{"loc":{"start":{"line":34,"column":16},"end":{"line":34,"column":115}},"type":"binary-expr","locations":[{"start":{"line":34,"column":16},"end":{"line":34,"column":33}},{"start":{"line":34,"column":37},"end":{"line":34,"column":59}},{"start":{"line":34,"column":63},"end":{"line":34,"column":85}},{"start":{"line":34,"column":89},"end":{"line":34,"column":115}}],"line":34}},"s":{"0":1,"1":1,"2":1,"3":1,"4":1,"5":1,"6":5,"7":5,"8":1,"9":4,"10":4,"11":1,"12":1,"13":4,"14":4,"15":1,"16":1,"17":116,"18":0,"19":116,"20":4,"21":1},"f":{"0":5,"1":5,"2":5,"3":4,"4":116,"5":4},"b":{"0":[1,4],"1":[1,3],"2":[1,3],"3":[4,3,3,3],"4":[0,116],"5":[116,116,116,116]},"_coverageSchema":"1a1c01bbd47fc00a2c39e90264f33305004495a9","hash":"05a4574914bfc6d4514823ff8843ee3fc86fbf22"}
}
