TN:
SF:main\CensusAnalyzer.js
FN:10,(anonymous_0)
FN:12,(anonymous_1)
FN:14,(anonymous_2)
FN:28,(anonymous_3)
FN:34,(anonymous_4)
FN:42,(anonymous_5)
FN:50,(anonymous_6)
FN:52,(anonymous_7)
FN:66,(anonymous_8)
FN:72,(anonymous_9)
FN:80,(anonymous_10)
FNF:11
FNH:11
FNDA:9,(anonymous_0)
FNDA:5,(anonymous_1)
FNDA:5,(anonymous_2)
FNDA:3,(anonymous_3)
FNDA:87,(anonymous_4)
FNDA:3,(anonymous_5)
FNDA:4,(anonymous_6)
FNDA:4,(anonymous_7)
FNDA:3,(anonymous_8)
FNDA:109,(anonymous_9)
FNDA:1,(anonymous_10)
DA:1,1
DA:2,1
DA:3,1
DA:4,1
DA:5,1
DA:6,1
DA:7,1
DA:14,5
DA:16,5
DA:17,2
DA:20,3
DA:21,3
DA:22,1
DA:23,1
DA:26,3
DA:29,3
DA:30,1
DA:31,1
DA:35,87
DA:36,0
DA:39,87
DA:43,3
DA:52,4
DA:54,4
DA:55,1
DA:58,3
DA:59,3
DA:60,1
DA:61,1
DA:64,3
DA:67,3
DA:68,1
DA:69,1
DA:73,109
DA:74,0
DA:77,109
DA:81,1
DA:89,1
LF:38
LH:36
BRDA:16,0,0,2
BRDA:16,0,1,3
BRDA:21,1,0,1
BRDA:21,1,1,2
BRDA:29,2,0,1
BRDA:29,2,1,2
BRDA:29,3,0,3
BRDA:29,3,1,2
BRDA:29,3,2,2
BRDA:29,3,3,2
BRDA:35,4,0,0
BRDA:35,4,1,87
BRDA:35,5,0,87
BRDA:35,5,1,87
BRDA:35,5,2,87
BRDA:35,5,3,87
BRDA:54,6,0,1
BRDA:54,6,1,3
BRDA:59,7,0,1
BRDA:59,7,1,2
BRDA:67,8,0,1
BRDA:67,8,1,2
BRDA:67,9,0,3
BRDA:67,9,1,2
BRDA:67,9,2,2
BRDA:67,9,3,2
BRDA:73,10,0,0
BRDA:73,10,1,109
BRDA:73,11,0,109
BRDA:73,11,1,109
BRDA:73,11,2,109
BRDA:73,11,3,109
BRF:32
BRH:30
end_of_record
