TN:
SF:main\CensusAnalyzer.js
FN:10,(anonymous_0)
FN:12,(anonymous_1)
FN:14,(anonymous_2)
FN:28,(anonymous_3)
FN:34,(anonymous_4)
FN:42,(anonymous_5)
FN:50,(anonymous_6)
FN:52,(anonymous_7)
FN:66,(anonymous_8)
FN:72,(anonymous_9)
FN:80,(anonymous_10)
FNF:11
FNH:11
FNDA:9,(anonymous_0)
FNDA:5,(anonymous_1)
FNDA:5,(anonymous_2)
FNDA:4,(anonymous_3)
FNDA:116,(anonymous_4)
FNDA:4,(anonymous_5)
FNDA:4,(anonymous_6)
FNDA:4,(anonymous_7)
FNDA:3,(anonymous_8)
FNDA:109,(anonymous_9)
FNDA:1,(anonymous_10)
DA:1,1
DA:2,1
DA:3,1
DA:4,1
DA:5,1
DA:6,1
DA:7,1
DA:14,5
DA:16,5
DA:17,1
DA:20,4
DA:21,4
DA:22,1
DA:23,1
DA:26,4
DA:29,4
DA:30,1
DA:31,1
DA:35,116
DA:36,0
DA:39,116
DA:43,4
DA:52,4
DA:54,4
DA:55,1
DA:58,3
DA:59,3
DA:60,1
DA:61,1
DA:64,3
DA:67,3
DA:68,1
DA:69,1
DA:73,109
DA:74,0
DA:77,109
DA:81,1
DA:89,1
LF:38
LH:36
BRDA:16,0,0,1
BRDA:16,0,1,4
BRDA:21,1,0,1
BRDA:21,1,1,3
BRDA:29,2,0,1
BRDA:29,2,1,3
BRDA:29,3,0,4
BRDA:29,3,1,3
BRDA:29,3,2,3
BRDA:29,3,3,3
BRDA:35,4,0,0
BRDA:35,4,1,116
BRDA:35,5,0,116
BRDA:35,5,1,116
BRDA:35,5,2,116
BRDA:35,5,3,116
BRDA:54,6,0,1
BRDA:54,6,1,3
BRDA:59,7,0,1
BRDA:59,7,1,2
BRDA:67,8,0,1
BRDA:67,8,1,2
BRDA:67,9,0,3
BRDA:67,9,1,2
BRDA:67,9,2,2
BRDA:67,9,3,2
BRDA:73,10,0,0
BRDA:73,10,1,109
BRDA:73,11,0,109
BRDA:73,11,1,109
BRDA:73,11,2,109
BRDA:73,11,3,109
BRF:32
BRH:30
end_of_record
TN:
SF:main\CsvtoJason.js
FN:6,jasonConverter
FN:7,(anonymous_1)
FNF:2
FNH:2
FNDA:1,jasonConverter
FNDA:1,(anonymous_1)
DA:1,1
DA:2,1
DA:3,1
DA:4,1
DA:7,1
DA:8,1
DA:9,1
DA:13,1
LF:8
LH:8
BRF:0
BRH:0
end_of_record
TN:
SF:main\sortByStateName.js
FN:5,sortByStateNameFunc
FN:6,(anonymous_1)
FN:7,(anonymous_2)
FN:8,(anonymous_3)
FNF:4
FNH:4
FNDA:1,sortByStateNameFunc
FNDA:1,(anonymous_1)
FNDA:1,(anonymous_2)
FNDA:28,(anonymous_3)
DA:1,1
DA:2,1
DA:3,1
DA:6,1
DA:7,1
DA:8,1
DA:9,28
DA:10,28
DA:16,1
LF:9
LH:9
BRF:0
BRH:0
end_of_record
